---------- Date: 2018-11-05 00:03:16 ~ IP : 172.31.34.251 ----------
REQUEST URI : /isiticili-hava-perdeleri/isiticili-genel-tip/storm-st-ac-h-120-hava-perdesi-(kumandali)?filter=&sort=p.price&order=ASC&limit=75
MOD DETAILS:
   modFile   : /var/www/html/vqmod/xml/schema-product.xml
   id        : 
   version   : 1.0
   vqmver    : 
   author    : purchasetheme.com

File Name    : catalog/view/theme/*/template/product/product.tpl(0)
VQModObject::applyMod - SEARCH NOT FOUND (ABORTING MOD): //--></script>
----------------------------------------------------------------------


---------- Date: 2018-11-05 00:08:19 ~ IP : 172.31.42.112 ----------
REQUEST URI : /isiticili-hava-perdeleri/isiticili-genel-tip/storm-st-ac-h-180-hava-perdesi-(kumandali)?filter=&sort=rating&order=ASC&limit=50
MOD DETAILS:
   modFile   : /var/www/html/vqmod/xml/schema-product.xml
   id        : 
   version   : 1.0
   vqmver    : 
   author    : purchasetheme.com

File Name    : catalog/view/theme/*/template/product/product.tpl(0)
VQModObject::applyMod - SEARCH NOT FOUND (ABORTING MOD): //--></script>
----------------------------------------------------------------------


---------- Date: 2018-11-05 00:13:22 ~ IP : 172.31.34.251 ----------
REQUEST URI : /isiticili-hava-perdeleri/isiticili-genel-tip/niva-linda-klc-lh120-hava-perdesi?filter=&sort=rating&order=ASC&limit=50
MOD DETAILS:
   modFile   : /var/www/html/vqmod/xml/schema-product.xml
   id        : 
   version   : 1.0
   vqmver    : 
   author    : purchasetheme.com

File Name    : catalog/view/theme/*/template/product/product.tpl(0)
VQModObject::applyMod - SEARCH NOT FOUND (ABORTING MOD): //--></script>
----------------------------------------------------------------------


---------- Date: 2018-11-05 00:18:25 ~ IP : 172.31.34.251 ----------
REQUEST URI : /isiticili-hava-perdeleri/isiticili-genel-tip/niva-linda-klc-lh100-hava-perdesi?filter=&sort=rating&order=ASC&limit=50
MOD DETAILS:
   modFile   : /var/www/html/vqmod/xml/schema-product.xml
   id        : 
   version   : 1.0
   vqmver    : 
   author    : purchasetheme.com

File Name    : catalog/view/theme/*/template/product/product.tpl(0)
VQModObject::applyMod - SEARCH NOT FOUND (ABORTING MOD): //--></script>
----------------------------------------------------------------------


---------- Date: 2018-11-05 00:23:28 ~ IP : 172.31.42.112 ----------
REQUEST URI : /isiticili-hava-perdeleri/isiticili-genel-tip/niva-linda-klc-lh140-hava-perdesi?filter=&sort=p.price&order=ASC&limit=75
MOD DETAILS:
   modFile   : /var/www/html/vqmod/xml/schema-product.xml
   id        : 
   version   : 1.0
   vqmver    : 
   author    : purchasetheme.com

File Name    : catalog/view/theme/*/template/product/product.tpl(0)
VQModObject::applyMod - SEARCH NOT FOUND (ABORTING MOD): //--></script>
----------------------------------------------------------------------


---------- Date: 2018-11-05 00:25:49 ~ IP : 172.31.34.251 ----------
REQUEST URI : /niva-linda-klc-lh100-hava-perdesi
MOD DETAILS:
   modFile   : /var/www/html/vqmod/xml/schema-product.xml
   id        : 
   version   : 1.0
   vqmver    : 
   author    : purchasetheme.com

File Name    : catalog/view/theme/*/template/product/product.tpl(0)
VQModObject::applyMod - SEARCH NOT FOUND (ABORTING MOD): //--></script>
----------------------------------------------------------------------


---------- Date: 2018-11-05 00:28:31 ~ IP : 172.31.34.251 ----------
REQUEST URI : /isiticili-hava-perdeleri/isiticili-genel-tip/niva-linda-klc-lh200-hava-perdesi?filter=&sort=rating&order=ASC&limit=50
MOD DETAILS:
   modFile   : /var/www/html/vqmod/xml/schema-product.xml
   id        : 
   version   : 1.0
   vqmver    : 
   author    : purchasetheme.com

File Name    : catalog/view/theme/*/template/product/product.tpl(0)
VQModObject::applyMod - SEARCH NOT FOUND (ABORTING MOD): //--></script>
----------------------------------------------------------------------


---------- Date: 2018-11-05 00:33:34 ~ IP : 172.31.42.112 ----------
REQUEST URI : /isiticisiz-hava-perdeleri/isiticisiz-genel-tip/storm-st-ac-160-ortam-havali-hava-perdesi-(kumandali)?filter=&sort=pd.name&order=ASC&limit=100
MOD DETAILS:
   modFile   : /var/www/html/vqmod/xml/schema-product.xml
   id        : 
   version   : 1.0
   vqmver    : 
   author    : purchasetheme.com

File Name    : catalog/view/theme/*/template/product/product.tpl(0)
VQModObject::applyMod - SEARCH NOT FOUND (ABORTING MOD): //--></script>
----------------------------------------------------------------------


---------- Date: 2018-11-05 00:38:42 ~ IP : 172.31.34.251 ----------
REQUEST URI : /isiticisiz-hava-perdeleri/isiticisiz-genel-tip/niva-linda-klc-l100-hava-perdesi?filter=&sort=p.price&order=ASC&limit=100
MOD DETAILS:
   modFile   : /var/www/html/vqmod/xml/schema-product.xml
   id        : 
   version   : 1.0
   vqmver    : 
   author    : purchasetheme.com

File Name    : catalog/view/theme/*/template/product/product.tpl(0)
VQModObject::applyMod - SEARCH NOT FOUND (ABORTING MOD): //--></script>
----------------------------------------------------------------------


---------- Date: 2018-11-05 00:43:41 ~ IP : 172.31.34.251 ----------
REQUEST URI : /isiticisiz-hava-perdeleri/isiticisiz-genel-tip/niva-linda-klc-l200-hava-perdesi?filter=&sort=p.price&order=ASC&limit=100
MOD DETAILS:
   modFile   : /var/www/html/vqmod/xml/schema-product.xml
   id        : 
   version   : 1.0
   vqmver    : 
   author    : purchasetheme.com

File Name    : catalog/view/theme/*/template/product/product.tpl(0)
VQModObject::applyMod - SEARCH NOT FOUND (ABORTING MOD): //--></script>
----------------------------------------------------------------------


---------- Date: 2018-11-05 00:48:44 ~ IP : 172.31.34.251 ----------
REQUEST URI : /isiticisiz-hava-perdeleri/isiticisiz-ticari-tip/storm-st-ac-t-120-ortam-havali-hava-perdesi?filter=&sort=pd.name&order=DESC&limit=25
MOD DETAILS:
   modFile   : /var/www/html/vqmod/xml/schema-product.xml
   id        : 
   version   : 1.0
   vqmver    : 
   author    : purchasetheme.com

File Name    : catalog/view/theme/*/template/product/product.tpl(0)
VQModObject::applyMod - SEARCH NOT FOUND (ABORTING MOD): //--></script>
----------------------------------------------------------------------


---------- Date: 2018-11-05 00:53:46 ~ IP : 172.31.42.112 ----------
REQUEST URI : /isiticisiz-hava-perdeleri/isiticisiz-genel-tip/storm-st-ac-140-ortam-havali-hava-perdesi-(kumandali)?filter=&sort=pd.name&order=ASC&limit=100
MOD DETAILS:
   modFile   : /var/www/html/vqmod/xml/schema-product.xml
   id        : 
   version   : 1.0
   vqmver    : 
   author    : purchasetheme.com

File Name    : catalog/view/theme/*/template/product/product.tpl(0)
VQModObject::applyMod - SEARCH NOT FOUND (ABORTING MOD): //--></script>
----------------------------------------------------------------------


---------- Date: 2018-11-05 00:58:49 ~ IP : 172.31.34.251 ----------
REQUEST URI : /isiticisiz-hava-perdeleri/isiticisiz-ticari-tip/niva-life-klc-hs140-hava-perdesi?filter=&sort=p.model&order=ASC&limit=25
MOD DETAILS:
   modFile   : /var/www/html/vqmod/xml/schema-product.xml
   id        : 
   version   : 1.0
   vqmver    : 
   author    : purchasetheme.com

File Name    : catalog/view/theme/*/template/product/product.tpl(0)
VQModObject::applyMod - SEARCH NOT FOUND (ABORTING MOD): //--></script>
----------------------------------------------------------------------


---------- Date: 2018-11-05 01:03:52 ~ IP : 172.31.42.112 ----------
REQUEST URI : /isiticisiz-hava-perdeleri/isiticisiz-ticari-tip/niva-life-klc-hs160-hava-perdesi?filter=&sort=p.price&order=ASC&limit=25
MOD DETAILS:
   modFile   : /var/www/html/vqmod/xml/schema-product.xml
   id        : 
   version   : 1.0
   vqmver    : 
   author    : purchasetheme.com

File Name    : catalog/view/theme/*/template/product/product.tpl(0)
VQModObject::applyMod - SEARCH NOT FOUND (ABORTING MOD): //--></script>
----------------------------------------------------------------------


---------- Date: 2018-11-05 01:08:55 ~ IP : 172.31.42.112 ----------
REQUEST URI : /isiticisiz-hava-perdeleri/isiticisiz-ticari-tip/niva-life-klc-hs100-hava-perdesi?filter=&sort=pd.name&order=ASC&limit=25
MOD DETAILS:
   modFile   : /var/www/html/vqmod/xml/schema-product.xml
   id        : 
   version   : 1.0
   vqmver    : 
   author    : purchasetheme.com

File Name    : catalog/view/theme/*/template/product/product.tpl(0)
VQModObject::applyMod - SEARCH NOT FOUND (ABORTING MOD): //--></script>
----------------------------------------------------------------------


---------- Date: 2018-11-05 01:13:58 ~ IP : 172.31.34.251 ----------
REQUEST URI : /storm-st-ac-t-120-ortam-havali-hava-perdesi?tag=Storm&sort=pd.name&order=DESC
MOD DETAILS:
   modFile   : /var/www/html/vqmod/xml/schema-product.xml
   id        : 
   version   : 1.0
   vqmver    : 
   author    : purchasetheme.com

File Name    : catalog/view/theme/*/template/product/product.tpl(0)
VQModObject::applyMod - SEARCH NOT FOUND (ABORTING MOD): //--></script>
----------------------------------------------------------------------


---------- Date: 2018-11-05 01:19:01 ~ IP : 172.31.42.112 ----------
REQUEST URI : /storm-st-ac-90-(r-l)-ortam-havali-hava-perdesi?tag=Storm&sort=pd.name&order=DESC
MOD DETAILS:
   modFile   : /var/www/html/vqmod/xml/schema-product.xml
   id        : 
   version   : 1.0
   vqmver    : 
   author    : purchasetheme.com

File Name    : catalog/view/theme/*/template/product/product.tpl(0)
VQModObject::applyMod - SEARCH NOT FOUND (ABORTING MOD): //--></script>
----------------------------------------------------------------------


---------- Date: 2018-11-05 01:24:04 ~ IP : 172.31.34.251 ----------
REQUEST URI : /storm-st-ac-80-(r-l)-ortam-havali-hava-perdesi?tag=Storm&sort=pd.name&order=DESC
MOD DETAILS:
   modFile   : /var/www/html/vqmod/xml/schema-product.xml
   id        : 
   version   : 1.0
   vqmver    : 
   author    : purchasetheme.com

File Name    : catalog/view/theme/*/template/product/product.tpl(0)
VQModObject::applyMod - SEARCH NOT FOUND (ABORTING MOD): //--></script>
----------------------------------------------------------------------


---------- Date: 2018-11-05 01:29:07 ~ IP : 172.31.42.112 ----------
REQUEST URI : /storm-st-ac-70-(r-l)-ortam-havali-hava-perdesi?tag=Storm&sort=pd.name&order=DESC
MOD DETAILS:
   modFile   : /var/www/html/vqmod/xml/schema-product.xml
   id        : 
   version   : 1.0
   vqmver    : 
   author    : purchasetheme.com

File Name    : catalog/view/theme/*/template/product/product.tpl(0)
VQModObject::applyMod - SEARCH NOT FOUND (ABORTING MOD): //--></script>
----------------------------------------------------------------------


---------- Date: 2018-11-05 01:39:13 ~ IP : 172.31.42.112 ----------
REQUEST URI : /storm-st-ac-90-ortam-havali-hava-perdesi-(kumandali)?tag=Storm&sort=pd.name&order=DESC
MOD DETAILS:
   modFile   : /var/www/html/vqmod/xml/schema-product.xml
   id        : 
   version   : 1.0
   vqmver    : 
   author    : purchasetheme.com

File Name    : catalog/view/theme/*/template/product/product.tpl(0)
VQModObject::applyMod - SEARCH NOT FOUND (ABORTING MOD): //--></script>
----------------------------------------------------------------------


---------- Date: 2018-11-05 01:45:13 ~ IP : 172.31.42.112 ----------
REQUEST URI : /niva-smart-klc-kst120-hava-perdesi
MOD DETAILS:
   modFile   : /var/www/html/vqmod/xml/schema-product.xml
   id        : 
   version   : 1.0
   vqmver    : 
   author    : purchasetheme.com

File Name    : catalog/view/theme/*/template/product/product.tpl(0)
VQModObject::applyMod - SEARCH NOT FOUND (ABORTING MOD): //--></script>
----------------------------------------------------------------------


---------- Date: 2018-11-05 01:48:47 ~ IP : 172.31.34.251 ----------
REQUEST URI : /niva-linda-klc-lh100-hava-perdesi?tag=Hava
MOD DETAILS:
   modFile   : /var/www/html/vqmod/xml/schema-product.xml
   id        : 
   version   : 1.0
   vqmver    : 
   author    : purchasetheme.com

File Name    : catalog/view/theme/*/template/product/product.tpl(0)
VQModObject::applyMod - SEARCH NOT FOUND (ABORTING MOD): //--></script>
----------------------------------------------------------------------


---------- Date: 2018-11-05 01:49:19 ~ IP : 172.31.42.112 ----------
REQUEST URI : /hava-perdeleri/isiticisiz-hava-perdeleri/niva-linda-klc-l140-hava-perdesi?sort=p.price&order=ASC&limit=25
MOD DETAILS:
   modFile   : /var/www/html/vqmod/xml/schema-product.xml
   id        : 
   version   : 1.0
   vqmver    : 
   author    : purchasetheme.com

File Name    : catalog/view/theme/*/template/product/product.tpl(0)
VQModObject::applyMod - SEARCH NOT FOUND (ABORTING MOD): //--></script>
----------------------------------------------------------------------


---------- Date: 2018-11-05 01:54:22 ~ IP : 172.31.42.112 ----------
REQUEST URI : /storm-st-ac-h-90-hava-perdesi-(kumandali)?tag=Storm&sort=p.model&order=ASC
MOD DETAILS:
   modFile   : /var/www/html/vqmod/xml/schema-product.xml
   id        : 
   version   : 1.0
   vqmver    : 
   author    : purchasetheme.com

File Name    : catalog/view/theme/*/template/product/product.tpl(0)
VQModObject::applyMod - SEARCH NOT FOUND (ABORTING MOD): //--></script>
----------------------------------------------------------------------


---------- Date: 2018-11-05 01:59:25 ~ IP : 172.31.42.112 ----------
REQUEST URI : /storm-st-ac-h-200-hava-perdesi-(kumandali)?tag=Storm&sort=p.model&order=ASC
MOD DETAILS:
   modFile   : /var/www/html/vqmod/xml/schema-product.xml
   id        : 
   version   : 1.0
   vqmver    : 
   author    : purchasetheme.com

File Name    : catalog/view/theme/*/template/product/product.tpl(0)
VQModObject::applyMod - SEARCH NOT FOUND (ABORTING MOD): //--></script>
----------------------------------------------------------------------


---------- Date: 2018-11-05 02:04:28 ~ IP : 172.31.34.251 ----------
REQUEST URI : /storm-st-ac-h-180-hava-perdesi-(kumandali)?tag=Storm&sort=p.model&order=ASC
MOD DETAILS:
   modFile   : /var/www/html/vqmod/xml/schema-product.xml
   id        : 
   version   : 1.0
   vqmver    : 
   author    : purchasetheme.com

File Name    : catalog/view/theme/*/template/product/product.tpl(0)
VQModObject::applyMod - SEARCH NOT FOUND (ABORTING MOD): //--></script>
----------------------------------------------------------------------


---------- Date: 2018-11-05 02:09:31 ~ IP : 172.31.42.112 ----------
REQUEST URI : /storm-st-ac-h-160-hava-perdesi-(kumandali)?tag=Storm&sort=p.model&order=ASC
MOD DETAILS:
   modFile   : /var/www/html/vqmod/xml/schema-product.xml
   id        : 
   version   : 1.0
   vqmver    : 
   author    : purchasetheme.com

File Name    : catalog/view/theme/*/template/product/product.tpl(0)
VQModObject::applyMod - SEARCH NOT FOUND (ABORTING MOD): //--></script>
----------------------------------------------------------------------


---------- Date: 2018-11-05 02:10:38 ~ IP : 172.31.34.251 ----------
REQUEST URI : /niva-smart-klc-kst120-hava-perdesi
MOD DETAILS:
   modFile   : /var/www/html/vqmod/xml/schema-product.xml
   id        : 
   version   : 1.0
   vqmver    : 
   author    : purchasetheme.com

File Name    : catalog/view/theme/*/template/product/product.tpl(0)
VQModObject::applyMod - SEARCH NOT FOUND (ABORTING MOD): //--></script>
----------------------------------------------------------------------


---------- Date: 2018-11-05 02:14:34 ~ IP : 172.31.34.251 ----------
REQUEST URI : /storm-st-ac-h-140-hava-perdesi-(kumandali)?tag=Storm&sort=p.model&order=ASC
MOD DETAILS:
   modFile   : /var/www/html/vqmod/xml/schema-product.xml
   id        : 
   version   : 1.0
   vqmver    : 
   author    : purchasetheme.com

File Name    : catalog/view/theme/*/template/product/product.tpl(0)
VQModObject::applyMod - SEARCH NOT FOUND (ABORTING MOD): //--></script>
----------------------------------------------------------------------


---------- Date: 2018-11-05 02:19:37 ~ IP : 172.31.34.251 ----------
REQUEST URI : /storm-st-ac-h-120-hava-perdesi-(kumandali)?tag=Storm&sort=p.model&order=ASC
MOD DETAILS:
   modFile   : /var/www/html/vqmod/xml/schema-product.xml
   id        : 
   version   : 1.0
   vqmver    : 
   author    : purchasetheme.com

File Name    : catalog/view/theme/*/template/product/product.tpl(0)
VQModObject::applyMod - SEARCH NOT FOUND (ABORTING MOD): //--></script>
----------------------------------------------------------------------


---------- Date: 2018-11-05 02:24:40 ~ IP : 172.31.42.112 ----------
REQUEST URI : /storm-st-ac-t-120-ortam-havali-hava-perdesi?tag=Ortam%20Haval%C4%B1&sort=p.model&order=DESC
MOD DETAILS:
   modFile   : /var/www/html/vqmod/xml/schema-product.xml
   id        : 
   version   : 1.0
   vqmver    : 
   author    : purchasetheme.com

File Name    : catalog/view/theme/*/template/product/product.tpl(0)
VQModObject::applyMod - SEARCH NOT FOUND (ABORTING MOD): //--></script>
----------------------------------------------------------------------


---------- Date: 2018-11-05 02:34:46 ~ IP : 172.31.42.112 ----------
REQUEST URI : /storm-st-ac-200-ortam-havali-hava-perdesi-(kumandali)?tag=Ortam%20Haval%C4%B1&sort=pd.name&order=ASC
MOD DETAILS:
   modFile   : /var/www/html/vqmod/xml/schema-product.xml
   id        : 
   version   : 1.0
   vqmver    : 
   author    : purchasetheme.com

File Name    : catalog/view/theme/*/template/product/product.tpl(0)
VQModObject::applyMod - SEARCH NOT FOUND (ABORTING MOD): //--></script>
----------------------------------------------------------------------


---------- Date: 2018-11-05 02:39:52 ~ IP : 172.31.34.251 ----------
REQUEST URI : /storm-st-ac-180-ortam-havali-hava-perdesi-(kumandali)?tag=Ortam%20Haval%C4%B1&sort=pd.name&order=ASC
MOD DETAILS:
   modFile   : /var/www/html/vqmod/xml/schema-product.xml
   id        : 
   version   : 1.0
   vqmver    : 
   author    : purchasetheme.com

File Name    : catalog/view/theme/*/template/product/product.tpl(0)
VQModObject::applyMod - SEARCH NOT FOUND (ABORTING MOD): //--></script>
----------------------------------------------------------------------


---------- Date: 2018-11-05 02:44:52 ~ IP : 172.31.34.251 ----------
REQUEST URI : /storm-st-ac-70-(r-l)-ortam-havali-hava-perdesi?tag=Ortam%20Haval%C4%B1&sort=pd.name&order=ASC
MOD DETAILS:
   modFile   : /var/www/html/vqmod/xml/schema-product.xml
   id        : 
   version   : 1.0
   vqmver    : 
   author    : purchasetheme.com

File Name    : catalog/view/theme/*/template/product/product.tpl(0)
VQModObject::applyMod - SEARCH NOT FOUND (ABORTING MOD): //--></script>
----------------------------------------------------------------------


---------- Date: 2018-11-05 02:45:59 ~ IP : 172.31.34.251 ----------
REQUEST URI : /ankastre-hava-perdeleri/niva-smart-klc-kst120-hava-perdesi
MOD DETAILS:
   modFile   : /var/www/html/vqmod/xml/schema-product.xml
   id        : 
   version   : 1.0
   vqmver    : 
   author    : purchasetheme.com

File Name    : catalog/view/theme/*/template/product/product.tpl(0)
VQModObject::applyMod - SEARCH NOT FOUND (ABORTING MOD): //--></script>
----------------------------------------------------------------------


---------- Date: 2018-11-05 02:49:55 ~ IP : 172.31.34.251 ----------
REQUEST URI : /storm-st-ac-70-(r-l)-ortam-havali-hava-perdesi?tag=Ortam%20Haval%C4%B1&sort=p.model&order=DESC
MOD DETAILS:
   modFile   : /var/www/html/vqmod/xml/schema-product.xml
   id        : 
   version   : 1.0
   vqmver    : 
   author    : purchasetheme.com

File Name    : catalog/view/theme/*/template/product/product.tpl(0)
VQModObject::applyMod - SEARCH NOT FOUND (ABORTING MOD): //--></script>
----------------------------------------------------------------------


---------- Date: 2018-11-05 03:02:13 ~ IP : 172.31.42.112 ----------
REQUEST URI : /storm-st-ac-h-140-hava-perdesi-(kumandali)
MOD DETAILS:
   modFile   : /var/www/html/vqmod/xml/schema-product.xml
   id        : 
   version   : 1.0
   vqmver    : 
   author    : purchasetheme.com

File Name    : catalog/view/theme/*/template/product/product.tpl(0)
VQModObject::applyMod - SEARCH NOT FOUND (ABORTING MOD): //--></script>
----------------------------------------------------------------------


---------- Date: 2018-11-05 03:05:04 ~ IP : 172.31.34.251 ----------
REQUEST URI : /storm-st-ac-80-(r-l)-ortam-havali-hava-perdesi?tag=Ortam%20Haval%C4%B1&sort=p.model&order=DESC
MOD DETAILS:
   modFile   : /var/www/html/vqmod/xml/schema-product.xml
   id        : 
   version   : 1.0
   vqmver    : 
   author    : purchasetheme.com

File Name    : catalog/view/theme/*/template/product/product.tpl(0)
VQModObject::applyMod - SEARCH NOT FOUND (ABORTING MOD): //--></script>
----------------------------------------------------------------------


---------- Date: 2018-11-05 03:10:07 ~ IP : 172.31.34.251 ----------
REQUEST URI : /storm-st-ac-140-ortam-havali-hava-perdesi-(kumandali)?tag=Ortam%20Haval%C4%B1&sort=pd.name&order=ASC
MOD DETAILS:
   modFile   : /var/www/html/vqmod/xml/schema-product.xml
   id        : 
   version   : 1.0
   vqmver    : 
   author    : purchasetheme.com

File Name    : catalog/view/theme/*/template/product/product.tpl(0)
VQModObject::applyMod - SEARCH NOT FOUND (ABORTING MOD): //--></script>
----------------------------------------------------------------------


---------- Date: 2018-11-05 03:15:10 ~ IP : 172.31.34.251 ----------
REQUEST URI : /storm-st-ac-160-ortam-havali-hava-perdesi-(kumandali)?tag=Ortam%20Haval%C4%B1&sort=pd.name&order=ASC
MOD DETAILS:
   modFile   : /var/www/html/vqmod/xml/schema-product.xml
   id        : 
   version   : 1.0
   vqmver    : 
   author    : purchasetheme.com

File Name    : catalog/view/theme/*/template/product/product.tpl(0)
VQModObject::applyMod - SEARCH NOT FOUND (ABORTING MOD): //--></script>
----------------------------------------------------------------------


---------- Date: 2018-11-05 03:16:57 ~ IP : 172.31.34.251 ----------
REQUEST URI : /niva-smart-klc-kst120-hava-perdesi
MOD DETAILS:
   modFile   : /var/www/html/vqmod/xml/schema-product.xml
   id        : 
   version   : 1.0
   vqmver    : 
   author    : purchasetheme.com

File Name    : catalog/view/theme/*/template/product/product.tpl(0)
VQModObject::applyMod - SEARCH NOT FOUND (ABORTING MOD): //--></script>
----------------------------------------------------------------------


---------- Date: 2018-11-05 03:19:07 ~ IP : 172.31.34.251 ----------
REQUEST URI : /niva-life-klc-h100-hava-perdesi?tag=Hava
MOD DETAILS:
   modFile   : /var/www/html/vqmod/xml/schema-product.xml
   id        : 
   version   : 1.0
   vqmver    : 
   author    : purchasetheme.com

File Name    : catalog/view/theme/*/template/product/product.tpl(0)
VQModObject::applyMod - SEARCH NOT FOUND (ABORTING MOD): //--></script>
----------------------------------------------------------------------


---------- Date: 2018-11-05 03:25:16 ~ IP : 172.31.42.112 ----------
REQUEST URI : /storm-st-ac-90-(r-l)-ortam-havali-hava-perdesi?tag=Ortam%20Haval%C4%B1&sort=p.model&order=DESC
MOD DETAILS:
   modFile   : /var/www/html/vqmod/xml/schema-product.xml
   id        : 
   version   : 1.0
   vqmver    : 
   author    : purchasetheme.com

File Name    : catalog/view/theme/*/template/product/product.tpl(0)
VQModObject::applyMod - SEARCH NOT FOUND (ABORTING MOD): //--></script>
----------------------------------------------------------------------


---------- Date: 2018-11-05 03:30:19 ~ IP : 172.31.34.251 ----------
REQUEST URI : /storm-st-ac-120-ortam-havali-hava-perdesi-(kumandali)?tag=Ortam%20Haval%C4%B1&sort=pd.name&order=ASC
MOD DETAILS:
   modFile   : /var/www/html/vqmod/xml/schema-product.xml
   id        : 
   version   : 1.0
   vqmver    : 
   author    : purchasetheme.com

File Name    : catalog/view/theme/*/template/product/product.tpl(0)
VQModObject::applyMod - SEARCH NOT FOUND (ABORTING MOD): //--></script>
----------------------------------------------------------------------


---------- Date: 2018-11-05 03:35:22 ~ IP : 172.31.34.251 ----------
REQUEST URI : /storm-st-ac-90-ortam-havali-hava-perdesi-(kumandali)?tag=Ortam%20Haval%C4%B1&sort=p.model&order=DESC
MOD DETAILS:
   modFile   : /var/www/html/vqmod/xml/schema-product.xml
   id        : 
   version   : 1.0
   vqmver    : 
   author    : purchasetheme.com

File Name    : catalog/view/theme/*/template/product/product.tpl(0)
VQModObject::applyMod - SEARCH NOT FOUND (ABORTING MOD): //--></script>
----------------------------------------------------------------------


---------- Date: 2018-11-05 03:40:25 ~ IP : 172.31.42.112 ----------
REQUEST URI : /storm-st-ac-t-120-ortam-havali-hava-perdesi?tag=Hava%20Perdesi&page=1
MOD DETAILS:
   modFile   : /var/www/html/vqmod/xml/schema-product.xml
   id        : 
   version   : 1.0
   vqmver    : 
   author    : purchasetheme.com

File Name    : catalog/view/theme/*/template/product/product.tpl(0)
VQModObject::applyMod - SEARCH NOT FOUND (ABORTING MOD): //--></script>
----------------------------------------------------------------------


---------- Date: 2018-11-05 03:41:32 ~ IP : 172.31.42.112 ----------
REQUEST URI : /niva-life-klc-hs100-hava-perdesi
MOD DETAILS:
   modFile   : /var/www/html/vqmod/xml/schema-product.xml
   id        : 
   version   : 1.0
   vqmver    : 
   author    : purchasetheme.com

File Name    : catalog/view/theme/*/template/product/product.tpl(0)
VQModObject::applyMod - SEARCH NOT FOUND (ABORTING MOD): //--></script>
----------------------------------------------------------------------


---------- Date: 2018-11-05 03:41:38 ~ IP : 172.31.42.112 ----------
REQUEST URI : /niva-life-klc-hs100-hava-perdesi
MOD DETAILS:
   modFile   : /var/www/html/vqmod/xml/schema-product.xml
   id        : 
   version   : 1.0
   vqmver    : 
   author    : purchasetheme.com

File Name    : catalog/view/theme/*/template/product/product.tpl(0)
VQModObject::applyMod - SEARCH NOT FOUND (ABORTING MOD): //--></script>
----------------------------------------------------------------------


---------- Date: 2018-11-05 03:45:33 ~ IP : 172.31.42.112 ----------
REQUEST URI : /storm-st-ac-90-(r-l)-ortam-havali-hava-perdesi?tag=Hava%20Perdesi&page=1
MOD DETAILS:
   modFile   : /var/www/html/vqmod/xml/schema-product.xml
   id        : 
   version   : 1.0
   vqmver    : 
   author    : purchasetheme.com

File Name    : catalog/view/theme/*/template/product/product.tpl(0)
VQModObject::applyMod - SEARCH NOT FOUND (ABORTING MOD): //--></script>
----------------------------------------------------------------------


---------- Date: 2018-11-05 03:50:31 ~ IP : 172.31.42.112 ----------
REQUEST URI : /storm-st-ac-80-(r-l)-ortam-havali-hava-perdesi?tag=Hava%20Perdesi&page=1
MOD DETAILS:
   modFile   : /var/www/html/vqmod/xml/schema-product.xml
   id        : 
   version   : 1.0
   vqmver    : 
   author    : purchasetheme.com

File Name    : catalog/view/theme/*/template/product/product.tpl(0)
VQModObject::applyMod - SEARCH NOT FOUND (ABORTING MOD): //--></script>
----------------------------------------------------------------------


---------- Date: 2018-11-05 03:55:34 ~ IP : 172.31.42.112 ----------
REQUEST URI : /storm-st-ac-70-(r-l)-ortam-havali-hava-perdesi?tag=Hava%20Perdesi&page=1
MOD DETAILS:
   modFile   : /var/www/html/vqmod/xml/schema-product.xml
   id        : 
   version   : 1.0
   vqmver    : 
   author    : purchasetheme.com

File Name    : catalog/view/theme/*/template/product/product.tpl(0)
VQModObject::applyMod - SEARCH NOT FOUND (ABORTING MOD): //--></script>
----------------------------------------------------------------------


---------- Date: 2018-11-05 04:00:37 ~ IP : 172.31.42.112 ----------
REQUEST URI : /storm-st-ac-90-ortam-havali-hava-perdesi-(kumandali)?tag=Hava%20Perdesi&page=1
MOD DETAILS:
   modFile   : /var/www/html/vqmod/xml/schema-product.xml
   id        : 
   version   : 1.0
   vqmver    : 
   author    : purchasetheme.com

File Name    : catalog/view/theme/*/template/product/product.tpl(0)
VQModObject::applyMod - SEARCH NOT FOUND (ABORTING MOD): //--></script>
----------------------------------------------------------------------


---------- Date: 2018-11-05 04:05:40 ~ IP : 172.31.42.112 ----------
REQUEST URI : /isiticili-hava-perdeleri/isiticili-genel-tip/niva-linda-klc-lh120-hava-perdesi?filter=&sort=p.model&order=DESC&limit=6
MOD DETAILS:
   modFile   : /var/www/html/vqmod/xml/schema-product.xml
   id        : 
   version   : 1.0
   vqmver    : 
   author    : purchasetheme.com

File Name    : catalog/view/theme/*/template/product/product.tpl(0)
VQModObject::applyMod - SEARCH NOT FOUND (ABORTING MOD): //--></script>
----------------------------------------------------------------------


---------- Date: 2018-11-05 04:15:46 ~ IP : 172.31.34.251 ----------
REQUEST URI : /isiticili-hava-perdeleri/isiticili-genel-tip/niva-linda-klc-lh200-hava-perdesi?filter=&sort=p.model&order=DESC&limit=6
MOD DETAILS:
   modFile   : /var/www/html/vqmod/xml/schema-product.xml
   id        : 
   version   : 1.0
   vqmver    : 
   author    : purchasetheme.com

File Name    : catalog/view/theme/*/template/product/product.tpl(0)
VQModObject::applyMod - SEARCH NOT FOUND (ABORTING MOD): //--></script>
----------------------------------------------------------------------


---------- Date: 2018-11-05 04:20:49 ~ IP : 172.31.42.112 ----------
REQUEST URI : /isiticili-hava-perdeleri/isiticili-genel-tip/niva-linda-klc-lh180-hava-perdesi?filter=&sort=p.model&order=DESC&limit=6
MOD DETAILS:
   modFile   : /var/www/html/vqmod/xml/schema-product.xml
   id        : 
   version   : 1.0
   vqmver    : 
   author    : purchasetheme.com

File Name    : catalog/view/theme/*/template/product/product.tpl(0)
VQModObject::applyMod - SEARCH NOT FOUND (ABORTING MOD): //--></script>
----------------------------------------------------------------------


---------- Date: 2018-11-05 04:30:55 ~ IP : 172.31.34.251 ----------
REQUEST URI : /isiticili-hava-perdeleri/isiticili-genel-tip/niva-linda-klc-lh140-hava-perdesi?filter=&sort=p.model&order=DESC&limit=6
MOD DETAILS:
   modFile   : /var/www/html/vqmod/xml/schema-product.xml
   id        : 
   version   : 1.0
   vqmver    : 
   author    : purchasetheme.com

File Name    : catalog/view/theme/*/template/product/product.tpl(0)
VQModObject::applyMod - SEARCH NOT FOUND (ABORTING MOD): //--></script>
----------------------------------------------------------------------


---------- Date: 2018-11-05 04:35:58 ~ IP : 172.31.34.251 ----------
REQUEST URI : /isiticili-hava-perdeleri/isiticili-genel-tip/niva-linda-klc-lh160-hava-perdesi?filter=&sort=p.model&order=DESC&limit=6
MOD DETAILS:
   modFile   : /var/www/html/vqmod/xml/schema-product.xml
   id        : 
   version   : 1.0
   vqmver    : 
   author    : purchasetheme.com

File Name    : catalog/view/theme/*/template/product/product.tpl(0)
VQModObject::applyMod - SEARCH NOT FOUND (ABORTING MOD): //--></script>
----------------------------------------------------------------------


---------- Date: 2018-11-05 04:41:01 ~ IP : 172.31.42.112 ----------
REQUEST URI : /isiticili-hava-perdeleri/isiticili-genel-tip/niva-linda-klc-lh100-hava-perdesi?filter=&sort=p.model&order=DESC&limit=6
MOD DETAILS:
   modFile   : /var/www/html/vqmod/xml/schema-product.xml
   id        : 
   version   : 1.0
   vqmver    : 
   author    : purchasetheme.com

File Name    : catalog/view/theme/*/template/product/product.tpl(0)
VQModObject::applyMod - SEARCH NOT FOUND (ABORTING MOD): //--></script>
----------------------------------------------------------------------


---------- Date: 2018-11-05 04:46:04 ~ IP : 172.31.42.112 ----------
REQUEST URI : /isiticisiz-hava-perdeleri/isiticisiz-ticari-tip/niva-life-klc-hs160-hava-perdesi?filter=&sort=pd.name&order=DESC&limit=25
MOD DETAILS:
   modFile   : /var/www/html/vqmod/xml/schema-product.xml
   id        : 
   version   : 1.0
   vqmver    : 
   author    : purchasetheme.com

File Name    : catalog/view/theme/*/template/product/product.tpl(0)
VQModObject::applyMod - SEARCH NOT FOUND (ABORTING MOD): //--></script>
----------------------------------------------------------------------


---------- Date: 2018-11-05 04:51:07 ~ IP : 172.31.42.112 ----------
REQUEST URI : /isiticisiz-hava-perdeleri/isiticisiz-ticari-tip/niva-life-klc-hs200-hava-perdesi?filter=&sort=pd.name&order=ASC&limit=25
MOD DETAILS:
   modFile   : /var/www/html/vqmod/xml/schema-product.xml
   id        : 
   version   : 1.0
   vqmver    : 
   author    : purchasetheme.com

File Name    : catalog/view/theme/*/template/product/product.tpl(0)
VQModObject::applyMod - SEARCH NOT FOUND (ABORTING MOD): //--></script>
----------------------------------------------------------------------


---------- Date: 2018-11-05 04:56:10 ~ IP : 172.31.42.112 ----------
REQUEST URI : /isiticisiz-hava-perdeleri/isiticisiz-ticari-tip/storm-st-ac-t-90-(r-l)-ortam-havali-hava-perdesi?filter=&sort=pd.name&order=ASC&limit=25
MOD DETAILS:
   modFile   : /var/www/html/vqmod/xml/schema-product.xml
   id        : 
   version   : 1.0
   vqmver    : 
   author    : purchasetheme.com

File Name    : catalog/view/theme/*/template/product/product.tpl(0)
VQModObject::applyMod - SEARCH NOT FOUND (ABORTING MOD): //--></script>
----------------------------------------------------------------------


---------- Date: 2018-11-05 05:01:13 ~ IP : 172.31.34.251 ----------
REQUEST URI : /isiticisiz-hava-perdeleri/isiticisiz-ticari-tip/niva-life-klc-hs100-hava-perdesi?sort=rating&order=DESC&limit=100
MOD DETAILS:
   modFile   : /var/www/html/vqmod/xml/schema-product.xml
   id        : 
   version   : 1.0
   vqmver    : 
   author    : purchasetheme.com

File Name    : catalog/view/theme/*/template/product/product.tpl(0)
VQModObject::applyMod - SEARCH NOT FOUND (ABORTING MOD): //--></script>
----------------------------------------------------------------------


---------- Date: 2018-11-05 05:06:16 ~ IP : 172.31.34.251 ----------
REQUEST URI : /isiticisiz-hava-perdeleri/isiticisiz-ticari-tip/niva-life-klc-hs140-hava-perdesi?filter=&sort=pd.name&order=DESC&limit=25
MOD DETAILS:
   modFile   : /var/www/html/vqmod/xml/schema-product.xml
   id        : 
   version   : 1.0
   vqmver    : 
   author    : purchasetheme.com

File Name    : catalog/view/theme/*/template/product/product.tpl(0)
VQModObject::applyMod - SEARCH NOT FOUND (ABORTING MOD): //--></script>
----------------------------------------------------------------------


---------- Date: 2018-11-05 05:11:19 ~ IP : 172.31.42.112 ----------
REQUEST URI : /isiticisiz-hava-perdeleri/isiticisiz-genel-tip/niva-linda-klc-l140-hava-perdesi?filter=&sort=pd.name&order=ASC&limit=100
MOD DETAILS:
   modFile   : /var/www/html/vqmod/xml/schema-product.xml
   id        : 
   version   : 1.0
   vqmver    : 
   author    : purchasetheme.com

File Name    : catalog/view/theme/*/template/product/product.tpl(0)
VQModObject::applyMod - SEARCH NOT FOUND (ABORTING MOD): //--></script>
----------------------------------------------------------------------


---------- Date: 2018-11-05 05:16:22 ~ IP : 172.31.42.112 ----------
REQUEST URI : /isiticisiz-hava-perdeleri/isiticisiz-genel-tip/storm-st-ac-80-(r-l)-ortam-havali-hava-perdesi?filter=&sort=pd.name&order=ASC&limit=100
MOD DETAILS:
   modFile   : /var/www/html/vqmod/xml/schema-product.xml
   id        : 
   version   : 1.0
   vqmver    : 
   author    : purchasetheme.com

File Name    : catalog/view/theme/*/template/product/product.tpl(0)
VQModObject::applyMod - SEARCH NOT FOUND (ABORTING MOD): //--></script>
----------------------------------------------------------------------


---------- Date: 2018-11-05 05:21:25 ~ IP : 172.31.34.251 ----------
REQUEST URI : /isiticisiz-hava-perdeleri/isiticisiz-ticari-tip/niva-life-klc-hs200-hava-perdesi?filter=&sort=pd.name&order=DESC&limit=25
MOD DETAILS:
   modFile   : /var/www/html/vqmod/xml/schema-product.xml
   id        : 
   version   : 1.0
   vqmver    : 
   author    : purchasetheme.com

File Name    : catalog/view/theme/*/template/product/product.tpl(0)
VQModObject::applyMod - SEARCH NOT FOUND (ABORTING MOD): //--></script>
----------------------------------------------------------------------


---------- Date: 2018-11-05 05:26:28 ~ IP : 172.31.42.112 ----------
REQUEST URI : /isiticisiz-hava-perdeleri/isiticisiz-ticari-tip/niva-life-klc-hs120-hava-perdesi?filter=&sort=p.price&order=ASC&limit=25
MOD DETAILS:
   modFile   : /var/www/html/vqmod/xml/schema-product.xml
   id        : 
   version   : 1.0
   vqmver    : 
   author    : purchasetheme.com

File Name    : catalog/view/theme/*/template/product/product.tpl(0)
VQModObject::applyMod - SEARCH NOT FOUND (ABORTING MOD): //--></script>
----------------------------------------------------------------------


---------- Date: 2018-11-05 06:16:19 ~ IP : 172.31.34.251 ----------
REQUEST URI : /isiticili-genel-tip/niva-linda-klc-lh120-hava-perdesi
MOD DETAILS:
   modFile   : /var/www/html/vqmod/xml/schema-product.xml
   id        : 
   version   : 1.0
   vqmver    : 
   author    : purchasetheme.com

File Name    : catalog/view/theme/*/template/product/product.tpl(0)
VQModObject::applyMod - SEARCH NOT FOUND (ABORTING MOD): //--></script>
----------------------------------------------------------------------


---------- Date: 2018-11-05 06:21:58 ~ IP : 172.31.34.251 ----------
REQUEST URI : /niva-smart-klc-aks120-hava-perdesi
MOD DETAILS:
   modFile   : /var/www/html/vqmod/xml/schema-product.xml
   id        : 
   version   : 1.0
   vqmver    : 
   author    : purchasetheme.com

File Name    : catalog/view/theme/*/template/product/product.tpl(0)
VQModObject::applyMod - SEARCH NOT FOUND (ABORTING MOD): //--></script>
----------------------------------------------------------------------


---------- Date: 2018-11-05 06:44:11 ~ IP : 172.31.42.112 ----------
REQUEST URI : /storm-st-ac-t-90-(r-l)-ortam-havali-hava-perdesi
MOD DETAILS:
   modFile   : /var/www/html/vqmod/xml/schema-product.xml
   id        : 
   version   : 1.0
   vqmver    : 
   author    : purchasetheme.com

File Name    : catalog/view/theme/*/template/product/product.tpl(0)
VQModObject::applyMod - SEARCH NOT FOUND (ABORTING MOD): //--></script>
----------------------------------------------------------------------


---------- Date: 2018-11-05 06:58:27 ~ IP : 172.31.34.251 ----------
REQUEST URI : /storm-st-ac-120-ortam-havali-hava-perdesi-(kumandali)
MOD DETAILS:
   modFile   : /var/www/html/vqmod/xml/schema-product.xml
   id        : 
   version   : 1.0
   vqmver    : 
   author    : purchasetheme.com

File Name    : catalog/view/theme/*/template/product/product.tpl(0)
VQModObject::applyMod - SEARCH NOT FOUND (ABORTING MOD): //--></script>
----------------------------------------------------------------------


---------- Date: 2018-11-05 07:36:21 ~ IP : 172.31.34.251 ----------
REQUEST URI : /isiticisiz-hava-perdeleri/isiticisiz-genel-tip/niva-linda-klc-l100-hava-perdesi
MOD DETAILS:
   modFile   : /var/www/html/vqmod/xml/schema-product.xml
   id        : 
   version   : 1.0
   vqmver    : 
   author    : purchasetheme.com

File Name    : catalog/view/theme/*/template/product/product.tpl(0)
VQModObject::applyMod - SEARCH NOT FOUND (ABORTING MOD): //--></script>
----------------------------------------------------------------------


---------- Date: 2018-11-05 08:01:31 ~ IP : 172.31.34.251 ----------
REQUEST URI : /niva-vito-klc-vap-120-su-buhar-serpantinli-hava-perdeleri
MOD DETAILS:
   modFile   : /var/www/html/vqmod/xml/schema-product.xml
   id        : 
   version   : 1.0
   vqmver    : 
   author    : purchasetheme.com

File Name    : catalog/view/theme/*/template/product/product.tpl(0)
VQModObject::applyMod - SEARCH NOT FOUND (ABORTING MOD): //--></script>
----------------------------------------------------------------------


---------- Date: 2018-11-05 09:04:32 ~ IP : 172.31.34.251 ----------
REQUEST URI : /niva-linda-klc-lh180-hava-perdesi
MOD DETAILS:
   modFile   : /var/www/html/vqmod/xml/schema-product.xml
   id        : 
   version   : 1.0
   vqmver    : 
   author    : purchasetheme.com

File Name    : catalog/view/theme/*/template/product/product.tpl(0)
VQModObject::applyMod - SEARCH NOT FOUND (ABORTING MOD): //--></script>
----------------------------------------------------------------------


---------- Date: 2018-11-05 09:27:18 ~ IP : 172.31.34.251 ----------
REQUEST URI : /niva-life-klc-h140-hava-perdesi
MOD DETAILS:
   modFile   : /var/www/html/vqmod/xml/schema-product.xml
   id        : 
   version   : 1.0
   vqmver    : 
   author    : purchasetheme.com

File Name    : catalog/view/theme/*/template/product/product.tpl(0)
VQModObject::applyMod - SEARCH NOT FOUND (ABORTING MOD): //--></script>
----------------------------------------------------------------------


---------- Date: 2018-11-05 09:37:53 ~ IP : 172.31.34.251 ----------
REQUEST URI : /isiticili-hava-perdeleri/niva-linda-klc-lh140-hava-perdesi
MOD DETAILS:
   modFile   : /var/www/html/vqmod/xml/schema-product.xml
   id        : 
   version   : 1.0
   vqmver    : 
   author    : purchasetheme.com

File Name    : catalog/view/theme/*/template/product/product.tpl(0)
VQModObject::applyMod - SEARCH NOT FOUND (ABORTING MOD): //--></script>
----------------------------------------------------------------------


---------- Date: 2018-11-05 10:10:44 ~ IP : 172.31.34.251 ----------
REQUEST URI : /isiticili-hava-perdeleri/niva-linda-klc-lh120-hava-perdesi
MOD DETAILS:
   modFile   : /var/www/html/vqmod/xml/schema-product.xml
   id        : 
   version   : 1.0
   vqmver    : 
   author    : purchasetheme.com

File Name    : catalog/view/theme/*/template/product/product.tpl(0)
VQModObject::applyMod - SEARCH NOT FOUND (ABORTING MOD): //--></script>
----------------------------------------------------------------------


---------- Date: 2018-11-05 10:27:02 ~ IP : 172.31.42.112 ----------
REQUEST URI : /niva-smart-klc-kst200-hava-perdesi?keyword=niva%20klc%20kst
MOD DETAILS:
   modFile   : /var/www/html/vqmod/xml/schema-product.xml
   id        : 
   version   : 1.0
   vqmver    : 
   author    : purchasetheme.com

File Name    : catalog/view/theme/*/template/product/product.tpl(0)
VQModObject::applyMod - SEARCH NOT FOUND (ABORTING MOD): //--></script>
----------------------------------------------------------------------


---------- Date: 2018-11-05 10:27:15 ~ IP : 172.31.42.112 ----------
REQUEST URI : /niva-smart-klc-kst200-hava-perdesi?keyword=niva%20klc%20kst
MOD DETAILS:
   modFile   : /var/www/html/vqmod/xml/schema-product.xml
   id        : 
   version   : 1.0
   vqmver    : 
   author    : purchasetheme.com

File Name    : catalog/view/theme/*/template/product/product.tpl(0)
VQModObject::applyMod - SEARCH NOT FOUND (ABORTING MOD): //--></script>
----------------------------------------------------------------------


---------- Date: 2018-11-05 10:28:21 ~ IP : 172.31.34.251 ----------
REQUEST URI : /niva-hava-perdesi/niva-smart-klc-kst200-hava-perdesi
MOD DETAILS:
   modFile   : /var/www/html/vqmod/xml/schema-product.xml
   id        : 
   version   : 1.0
   vqmver    : 
   author    : purchasetheme.com

File Name    : catalog/view/theme/*/template/product/product.tpl(0)
VQModObject::applyMod - SEARCH NOT FOUND (ABORTING MOD): //--></script>
----------------------------------------------------------------------


---------- Date: 2018-11-05 10:55:58 ~ IP : 172.31.34.251 ----------
REQUEST URI : /niva-smart-klc-kst180-hava-perdesi
MOD DETAILS:
   modFile   : /var/www/html/vqmod/xml/schema-product.xml
   id        : 
   version   : 1.0
   vqmver    : 
   author    : purchasetheme.com

File Name    : catalog/view/theme/*/template/product/product.tpl(0)
VQModObject::applyMod - SEARCH NOT FOUND (ABORTING MOD): //--></script>
----------------------------------------------------------------------


---------- Date: 2018-11-05 11:13:57 ~ IP : 172.31.42.112 ----------
REQUEST URI : /isiticili-hava-perdeleri/isiticili-genel-tip/niva-linda-klc-lh120-hava-perdesi?sort=p.model&order=ASC&limit=6
MOD DETAILS:
   modFile   : /var/www/html/vqmod/xml/schema-product.xml
   id        : 
   version   : 1.0
   vqmver    : 
   author    : purchasetheme.com

File Name    : catalog/view/theme/*/template/product/product.tpl(0)
VQModObject::applyMod - SEARCH NOT FOUND (ABORTING MOD): //--></script>
----------------------------------------------------------------------


---------- Date: 2018-11-05 11:14:00 ~ IP : 172.31.42.112 ----------
REQUEST URI : /isiticili-hava-perdeleri/isiticili-genel-tip/niva-linda-klc-lh100-hava-perdesi?filter=&sort=p.model&order=ASC&limit=75
MOD DETAILS:
   modFile   : /var/www/html/vqmod/xml/schema-product.xml
   id        : 
   version   : 1.0
   vqmver    : 
   author    : purchasetheme.com

File Name    : catalog/view/theme/*/template/product/product.tpl(0)
VQModObject::applyMod - SEARCH NOT FOUND (ABORTING MOD): //--></script>
----------------------------------------------------------------------


---------- Date: 2018-11-05 11:14:02 ~ IP : 172.31.42.112 ----------
REQUEST URI : /isiticili-hava-perdeleri/isiticili-genel-tip/niva-linda-klc-lh100-hava-perdesi?sort=p.model&order=ASC&limit=6
MOD DETAILS:
   modFile   : /var/www/html/vqmod/xml/schema-product.xml
   id        : 
   version   : 1.0
   vqmver    : 
   author    : purchasetheme.com

File Name    : catalog/view/theme/*/template/product/product.tpl(0)
VQModObject::applyMod - SEARCH NOT FOUND (ABORTING MOD): //--></script>
----------------------------------------------------------------------


---------- Date: 2018-11-05 11:14:04 ~ IP : 172.31.42.112 ----------
REQUEST URI : /isiticili-hava-perdeleri/isiticili-genel-tip/niva-linda-klc-lh140-hava-perdesi?sort=p.model&order=ASC&limit=6
MOD DETAILS:
   modFile   : /var/www/html/vqmod/xml/schema-product.xml
   id        : 
   version   : 1.0
   vqmver    : 
   author    : purchasetheme.com

File Name    : catalog/view/theme/*/template/product/product.tpl(0)
VQModObject::applyMod - SEARCH NOT FOUND (ABORTING MOD): //--></script>
----------------------------------------------------------------------


---------- Date: 2018-11-05 11:14:06 ~ IP : 172.31.42.112 ----------
REQUEST URI : /isiticili-hava-perdeleri/isiticili-genel-tip/niva-linda-klc-lh120-hava-perdesi?filter=&sort=p.model&order=ASC&limit=75
MOD DETAILS:
   modFile   : /var/www/html/vqmod/xml/schema-product.xml
   id        : 
   version   : 1.0
   vqmver    : 
   author    : purchasetheme.com

File Name    : catalog/view/theme/*/template/product/product.tpl(0)
VQModObject::applyMod - SEARCH NOT FOUND (ABORTING MOD): //--></script>
----------------------------------------------------------------------


---------- Date: 2018-11-05 11:14:09 ~ IP : 172.31.42.112 ----------
REQUEST URI : /isiticili-hava-perdeleri/isiticili-genel-tip/niva-linda-klc-lh200-hava-perdesi?sort=p.model&order=ASC&limit=6
MOD DETAILS:
   modFile   : /var/www/html/vqmod/xml/schema-product.xml
   id        : 
   version   : 1.0
   vqmver    : 
   author    : purchasetheme.com

File Name    : catalog/view/theme/*/template/product/product.tpl(0)
VQModObject::applyMod - SEARCH NOT FOUND (ABORTING MOD): //--></script>
----------------------------------------------------------------------


---------- Date: 2018-11-05 11:14:13 ~ IP : 172.31.42.112 ----------
REQUEST URI : /isiticili-hava-perdeleri/isiticili-genel-tip/niva-linda-klc-lh160-hava-perdesi?sort=p.model&order=ASC&limit=6
MOD DETAILS:
   modFile   : /var/www/html/vqmod/xml/schema-product.xml
   id        : 
   version   : 1.0
   vqmver    : 
   author    : purchasetheme.com

File Name    : catalog/view/theme/*/template/product/product.tpl(0)
VQModObject::applyMod - SEARCH NOT FOUND (ABORTING MOD): //--></script>
----------------------------------------------------------------------


---------- Date: 2018-11-05 11:14:19 ~ IP : 172.31.42.112 ----------
REQUEST URI : /isiticili-hava-perdeleri/isiticili-genel-tip/niva-linda-klc-lh160-hava-perdesi?filter=&sort=p.model&order=ASC&limit=75
MOD DETAILS:
   modFile   : /var/www/html/vqmod/xml/schema-product.xml
   id        : 
   version   : 1.0
   vqmver    : 
   author    : purchasetheme.com

File Name    : catalog/view/theme/*/template/product/product.tpl(0)
VQModObject::applyMod - SEARCH NOT FOUND (ABORTING MOD): //--></script>
----------------------------------------------------------------------


---------- Date: 2018-11-05 11:14:23 ~ IP : 172.31.42.112 ----------
REQUEST URI : /isiticili-hava-perdeleri/isiticili-genel-tip/niva-linda-klc-lh140-hava-perdesi?filter=&sort=p.model&order=ASC&limit=75
MOD DETAILS:
   modFile   : /var/www/html/vqmod/xml/schema-product.xml
   id        : 
   version   : 1.0
   vqmver    : 
   author    : purchasetheme.com

File Name    : catalog/view/theme/*/template/product/product.tpl(0)
VQModObject::applyMod - SEARCH NOT FOUND (ABORTING MOD): //--></script>
----------------------------------------------------------------------


---------- Date: 2018-11-05 11:14:27 ~ IP : 172.31.42.112 ----------
REQUEST URI : /isiticili-hava-perdeleri/isiticili-genel-tip/storm-st-ac-h-120-hava-perdesi-(kumandali)?sort=rating&order=DESC&limit=6
MOD DETAILS:
   modFile   : /var/www/html/vqmod/xml/schema-product.xml
   id        : 
   version   : 1.0
   vqmver    : 
   author    : purchasetheme.com

File Name    : catalog/view/theme/*/template/product/product.tpl(0)
VQModObject::applyMod - SEARCH NOT FOUND (ABORTING MOD): //--></script>
----------------------------------------------------------------------


---------- Date: 2018-11-05 11:14:31 ~ IP : 172.31.42.112 ----------
REQUEST URI : /isiticili-hava-perdeleri/isiticili-genel-tip/storm-st-ac-h-200-hava-perdesi-(kumandali)?sort=rating&order=DESC&limit=6
MOD DETAILS:
   modFile   : /var/www/html/vqmod/xml/schema-product.xml
   id        : 
   version   : 1.0
   vqmver    : 
   author    : purchasetheme.com

File Name    : catalog/view/theme/*/template/product/product.tpl(0)
VQModObject::applyMod - SEARCH NOT FOUND (ABORTING MOD): //--></script>
----------------------------------------------------------------------


---------- Date: 2018-11-05 11:14:36 ~ IP : 172.31.42.112 ----------
REQUEST URI : /isiticili-hava-perdeleri/isiticili-genel-tip/storm-st-ac-h-140-hava-perdesi-(kumandali)?sort=rating&order=DESC&limit=6
MOD DETAILS:
   modFile   : /var/www/html/vqmod/xml/schema-product.xml
   id        : 
   version   : 1.0
   vqmver    : 
   author    : purchasetheme.com

File Name    : catalog/view/theme/*/template/product/product.tpl(0)
VQModObject::applyMod - SEARCH NOT FOUND (ABORTING MOD): //--></script>
----------------------------------------------------------------------


---------- Date: 2018-11-05 11:14:42 ~ IP : 172.31.42.112 ----------
REQUEST URI : /isiticili-hava-perdeleri/isiticili-genel-tip/niva-linda-klc-lh200-hava-perdesi?filter=&sort=p.model&order=ASC&limit=75
MOD DETAILS:
   modFile   : /var/www/html/vqmod/xml/schema-product.xml
   id        : 
   version   : 1.0
   vqmver    : 
   author    : purchasetheme.com

File Name    : catalog/view/theme/*/template/product/product.tpl(0)
VQModObject::applyMod - SEARCH NOT FOUND (ABORTING MOD): //--></script>
----------------------------------------------------------------------


---------- Date: 2018-11-05 11:14:45 ~ IP : 172.31.42.112 ----------
REQUEST URI : /isiticili-hava-perdeleri/isiticili-genel-tip/niva-linda-klc-lh180-hava-perdesi?sort=p.model&order=ASC&limit=6
MOD DETAILS:
   modFile   : /var/www/html/vqmod/xml/schema-product.xml
   id        : 
   version   : 1.0
   vqmver    : 
   author    : purchasetheme.com

File Name    : catalog/view/theme/*/template/product/product.tpl(0)
VQModObject::applyMod - SEARCH NOT FOUND (ABORTING MOD): //--></script>
----------------------------------------------------------------------


---------- Date: 2018-11-05 11:14:49 ~ IP : 172.31.42.112 ----------
REQUEST URI : /storm-st-ac-h-160-hava-perdesi-(kumandali)?tag=Storm&sort=pd.name&order=DESC&page=3
MOD DETAILS:
   modFile   : /var/www/html/vqmod/xml/schema-product.xml
   id        : 
   version   : 1.0
   vqmver    : 
   author    : purchasetheme.com

File Name    : catalog/view/theme/*/template/product/product.tpl(0)
VQModObject::applyMod - SEARCH NOT FOUND (ABORTING MOD): //--></script>
----------------------------------------------------------------------


---------- Date: 2018-11-05 11:14:58 ~ IP : 172.31.42.112 ----------
REQUEST URI : /storm-st-ac-180-ortam-havali-hava-perdesi-(kumandali)?tag=Storm&sort=pd.name&order=DESC&page=2
MOD DETAILS:
   modFile   : /var/www/html/vqmod/xml/schema-product.xml
   id        : 
   version   : 1.0
   vqmver    : 
   author    : purchasetheme.com

File Name    : catalog/view/theme/*/template/product/product.tpl(0)
VQModObject::applyMod - SEARCH NOT FOUND (ABORTING MOD): //--></script>
----------------------------------------------------------------------


---------- Date: 2018-11-05 11:15:05 ~ IP : 172.31.42.112 ----------
REQUEST URI : /storm-st-ac-h-90-hava-perdesi-(kumandali)?tag=Storm&sort=pd.name&order=DESC&page=2
MOD DETAILS:
   modFile   : /var/www/html/vqmod/xml/schema-product.xml
   id        : 
   version   : 1.0
   vqmver    : 
   author    : purchasetheme.com

File Name    : catalog/view/theme/*/template/product/product.tpl(0)
VQModObject::applyMod - SEARCH NOT FOUND (ABORTING MOD): //--></script>
----------------------------------------------------------------------


---------- Date: 2018-11-05 11:15:08 ~ IP : 172.31.42.112 ----------
REQUEST URI : /isiticili-hava-perdeleri/isiticili-genel-tip/storm-st-ac-h-160-hava-perdesi-(kumandali)?sort=pd.name&order=ASC&limit=6
MOD DETAILS:
   modFile   : /var/www/html/vqmod/xml/schema-product.xml
   id        : 
   version   : 1.0
   vqmver    : 
   author    : purchasetheme.com

File Name    : catalog/view/theme/*/template/product/product.tpl(0)
VQModObject::applyMod - SEARCH NOT FOUND (ABORTING MOD): //--></script>
----------------------------------------------------------------------


---------- Date: 2018-11-05 11:15:11 ~ IP : 172.31.42.112 ----------
REQUEST URI : /storm-st-ac-h-200-hava-perdesi-(kumandali)?tag=Storm&sort=pd.name&order=DESC&page=3
MOD DETAILS:
   modFile   : /var/www/html/vqmod/xml/schema-product.xml
   id        : 
   version   : 1.0
   vqmver    : 
   author    : purchasetheme.com

File Name    : catalog/view/theme/*/template/product/product.tpl(0)
VQModObject::applyMod - SEARCH NOT FOUND (ABORTING MOD): //--></script>
----------------------------------------------------------------------


---------- Date: 2018-11-05 11:15:20 ~ IP : 172.31.42.112 ----------
REQUEST URI : /isiticili-hava-perdeleri/isiticili-genel-tip/storm-st-ac-h-140-hava-perdesi-(kumandali)?sort=pd.name&order=ASC&limit=6
MOD DETAILS:
   modFile   : /var/www/html/vqmod/xml/schema-product.xml
   id        : 
   version   : 1.0
   vqmver    : 
   author    : purchasetheme.com

File Name    : catalog/view/theme/*/template/product/product.tpl(0)
VQModObject::applyMod - SEARCH NOT FOUND (ABORTING MOD): //--></script>
----------------------------------------------------------------------


---------- Date: 2018-11-05 11:15:27 ~ IP : 172.31.42.112 ----------
REQUEST URI : /isiticili-hava-perdeleri/isiticili-genel-tip/storm-st-ac-h-180-hava-perdesi-(kumandali)?sort=pd.name&order=ASC&limit=6
MOD DETAILS:
   modFile   : /var/www/html/vqmod/xml/schema-product.xml
   id        : 
   version   : 1.0
   vqmver    : 
   author    : purchasetheme.com

File Name    : catalog/view/theme/*/template/product/product.tpl(0)
VQModObject::applyMod - SEARCH NOT FOUND (ABORTING MOD): //--></script>
----------------------------------------------------------------------


---------- Date: 2018-11-05 11:15:29 ~ IP : 172.31.42.112 ----------
REQUEST URI : /storm-st-ac-h-120-hava-perdesi-(kumandali)?tag=Storm&sort=pd.name&order=DESC&page=3
MOD DETAILS:
   modFile   : /var/www/html/vqmod/xml/schema-product.xml
   id        : 
   version   : 1.0
   vqmver    : 
   author    : purchasetheme.com

File Name    : catalog/view/theme/*/template/product/product.tpl(0)
VQModObject::applyMod - SEARCH NOT FOUND (ABORTING MOD): //--></script>
----------------------------------------------------------------------


---------- Date: 2018-11-05 11:15:34 ~ IP : 172.31.42.112 ----------
REQUEST URI : /storm-st-ac-160-ortam-havali-hava-perdesi-(kumandali)?tag=Storm&sort=pd.name&order=DESC&page=2
MOD DETAILS:
   modFile   : /var/www/html/vqmod/xml/schema-product.xml
   id        : 
   version   : 1.0
   vqmver    : 
   author    : purchasetheme.com

File Name    : catalog/view/theme/*/template/product/product.tpl(0)
VQModObject::applyMod - SEARCH NOT FOUND (ABORTING MOD): //--></script>
----------------------------------------------------------------------


---------- Date: 2018-11-05 11:15:39 ~ IP : 172.31.42.112 ----------
REQUEST URI : /storm-st-ac-140-ortam-havali-hava-perdesi-(kumandali)?tag=Storm&sort=pd.name&order=DESC&page=2
MOD DETAILS:
   modFile   : /var/www/html/vqmod/xml/schema-product.xml
   id        : 
   version   : 1.0
   vqmver    : 
   author    : purchasetheme.com

File Name    : catalog/view/theme/*/template/product/product.tpl(0)
VQModObject::applyMod - SEARCH NOT FOUND (ABORTING MOD): //--></script>
----------------------------------------------------------------------


---------- Date: 2018-11-05 11:15:42 ~ IP : 172.31.42.112 ----------
REQUEST URI : /isiticili-hava-perdeleri/isiticili-genel-tip/storm-st-ac-h-120-hava-perdesi-(kumandali)?sort=pd.name&order=ASC&limit=6
MOD DETAILS:
   modFile   : /var/www/html/vqmod/xml/schema-product.xml
   id        : 
   version   : 1.0
   vqmver    : 
   author    : purchasetheme.com

File Name    : catalog/view/theme/*/template/product/product.tpl(0)
VQModObject::applyMod - SEARCH NOT FOUND (ABORTING MOD): //--></script>
----------------------------------------------------------------------


---------- Date: 2018-11-05 11:15:46 ~ IP : 172.31.42.112 ----------
REQUEST URI : /storm-st-ac-120-ortam-havali-hava-perdesi-(kumandali)?tag=Storm&sort=pd.name&order=DESC&page=2
MOD DETAILS:
   modFile   : /var/www/html/vqmod/xml/schema-product.xml
   id        : 
   version   : 1.0
   vqmver    : 
   author    : purchasetheme.com

File Name    : catalog/view/theme/*/template/product/product.tpl(0)
VQModObject::applyMod - SEARCH NOT FOUND (ABORTING MOD): //--></script>
----------------------------------------------------------------------


---------- Date: 2018-11-05 11:15:51 ~ IP : 172.31.42.112 ----------
REQUEST URI : /storm-st-ac-h-140-hava-perdesi-(kumandali)?tag=Storm&sort=pd.name&order=DESC&page=3
MOD DETAILS:
   modFile   : /var/www/html/vqmod/xml/schema-product.xml
   id        : 
   version   : 1.0
   vqmver    : 
   author    : purchasetheme.com

File Name    : catalog/view/theme/*/template/product/product.tpl(0)
VQModObject::applyMod - SEARCH NOT FOUND (ABORTING MOD): //--></script>
----------------------------------------------------------------------


---------- Date: 2018-11-05 11:15:56 ~ IP : 172.31.42.112 ----------
REQUEST URI : /storm-st-ac-200-ortam-havali-hava-perdesi-(kumandali)?tag=Storm&sort=pd.name&order=DESC&page=2
MOD DETAILS:
   modFile   : /var/www/html/vqmod/xml/schema-product.xml
   id        : 
   version   : 1.0
   vqmver    : 
   author    : purchasetheme.com

File Name    : catalog/view/theme/*/template/product/product.tpl(0)
VQModObject::applyMod - SEARCH NOT FOUND (ABORTING MOD): //--></script>
----------------------------------------------------------------------


---------- Date: 2018-11-05 11:15:58 ~ IP : 172.31.42.112 ----------
REQUEST URI : /isiticili-hava-perdeleri/isiticili-genel-tip/storm-st-ac-h-200-hava-perdesi-(kumandali)?sort=pd.name&order=ASC&limit=6
MOD DETAILS:
   modFile   : /var/www/html/vqmod/xml/schema-product.xml
   id        : 
   version   : 1.0
   vqmver    : 
   author    : purchasetheme.com

File Name    : catalog/view/theme/*/template/product/product.tpl(0)
VQModObject::applyMod - SEARCH NOT FOUND (ABORTING MOD): //--></script>
----------------------------------------------------------------------


---------- Date: 2018-11-05 11:16:02 ~ IP : 172.31.42.112 ----------
REQUEST URI : /storm-st-ac-h-180-hava-perdesi-(kumandali)?tag=Storm&sort=pd.name&order=DESC&page=3
MOD DETAILS:
   modFile   : /var/www/html/vqmod/xml/schema-product.xml
   id        : 
   version   : 1.0
   vqmver    : 
   author    : purchasetheme.com

File Name    : catalog/view/theme/*/template/product/product.tpl(0)
VQModObject::applyMod - SEARCH NOT FOUND (ABORTING MOD): //--></script>
----------------------------------------------------------------------


---------- Date: 2018-11-05 11:16:08 ~ IP : 172.31.42.112 ----------
REQUEST URI : /storm-st-ac-80-(r-l)-ortam-havali-hava-perdesi?tag=Storm&sort=pd.name&order=DESC&page=1
MOD DETAILS:
   modFile   : /var/www/html/vqmod/xml/schema-product.xml
   id        : 
   version   : 1.0
   vqmver    : 
   author    : purchasetheme.com

File Name    : catalog/view/theme/*/template/product/product.tpl(0)
VQModObject::applyMod - SEARCH NOT FOUND (ABORTING MOD): //--></script>
----------------------------------------------------------------------


---------- Date: 2018-11-05 11:16:11 ~ IP : 172.31.42.112 ----------
REQUEST URI : /storm-st-ac-90-ortam-havali-hava-perdesi-(kumandali)?tag=Storm&sort=pd.name&order=DESC&page=1
MOD DETAILS:
   modFile   : /var/www/html/vqmod/xml/schema-product.xml
   id        : 
   version   : 1.0
   vqmver    : 
   author    : purchasetheme.com

File Name    : catalog/view/theme/*/template/product/product.tpl(0)
VQModObject::applyMod - SEARCH NOT FOUND (ABORTING MOD): //--></script>
----------------------------------------------------------------------


---------- Date: 2018-11-05 11:16:16 ~ IP : 172.31.42.112 ----------
REQUEST URI : /storm-st-ac-t-120-ortam-havali-hava-perdesi?tag=Storm&sort=pd.name&order=DESC&page=1
MOD DETAILS:
   modFile   : /var/www/html/vqmod/xml/schema-product.xml
   id        : 
   version   : 1.0
   vqmver    : 
   author    : purchasetheme.com

File Name    : catalog/view/theme/*/template/product/product.tpl(0)
VQModObject::applyMod - SEARCH NOT FOUND (ABORTING MOD): //--></script>
----------------------------------------------------------------------


---------- Date: 2018-11-05 11:16:20 ~ IP : 172.31.42.112 ----------
REQUEST URI : /storm-st-ac-70-(r-l)-ortam-havali-hava-perdesi?tag=Storm&sort=pd.name&order=DESC&page=1
MOD DETAILS:
   modFile   : /var/www/html/vqmod/xml/schema-product.xml
   id        : 
   version   : 1.0
   vqmver    : 
   author    : purchasetheme.com

File Name    : catalog/view/theme/*/template/product/product.tpl(0)
VQModObject::applyMod - SEARCH NOT FOUND (ABORTING MOD): //--></script>
----------------------------------------------------------------------


---------- Date: 2018-11-05 11:16:25 ~ IP : 172.31.42.112 ----------
REQUEST URI : /storm-st-ac-90-(r-l)-ortam-havali-hava-perdesi?tag=Storm&sort=pd.name&order=DESC&page=1
MOD DETAILS:
   modFile   : /var/www/html/vqmod/xml/schema-product.xml
   id        : 
   version   : 1.0
   vqmver    : 
   author    : purchasetheme.com

File Name    : catalog/view/theme/*/template/product/product.tpl(0)
VQModObject::applyMod - SEARCH NOT FOUND (ABORTING MOD): //--></script>
----------------------------------------------------------------------


---------- Date: 2018-11-05 11:16:29 ~ IP : 172.31.42.112 ----------
REQUEST URI : /isiticisiz-hava-perdeleri/niva-linda-klc-l160-hava-perdesi?sort=rating&order=ASC&limit=50
MOD DETAILS:
   modFile   : /var/www/html/vqmod/xml/schema-product.xml
   id        : 
   version   : 1.0
   vqmver    : 
   author    : purchasetheme.com

File Name    : catalog/view/theme/*/template/product/product.tpl(0)
VQModObject::applyMod - SEARCH NOT FOUND (ABORTING MOD): //--></script>
----------------------------------------------------------------------


---------- Date: 2018-11-05 11:16:35 ~ IP : 172.31.42.112 ----------
REQUEST URI : /isiticisiz-hava-perdeleri/storm-st-ac-140-ortam-havali-hava-perdesi-(kumandali)?sort=rating&order=ASC
MOD DETAILS:
   modFile   : /var/www/html/vqmod/xml/schema-product.xml
   id        : 
   version   : 1.0
   vqmver    : 
   author    : purchasetheme.com

File Name    : catalog/view/theme/*/template/product/product.tpl(0)
VQModObject::applyMod - SEARCH NOT FOUND (ABORTING MOD): //--></script>
----------------------------------------------------------------------


---------- Date: 2018-11-05 11:16:38 ~ IP : 172.31.42.112 ----------
REQUEST URI : /isiticisiz-hava-perdeleri/storm-st-ac-80-(r-l)-ortam-havali-hava-perdesi?sort=rating&order=ASC
MOD DETAILS:
   modFile   : /var/www/html/vqmod/xml/schema-product.xml
   id        : 
   version   : 1.0
   vqmver    : 
   author    : purchasetheme.com

File Name    : catalog/view/theme/*/template/product/product.tpl(0)
VQModObject::applyMod - SEARCH NOT FOUND (ABORTING MOD): //--></script>
----------------------------------------------------------------------


---------- Date: 2018-11-05 11:16:43 ~ IP : 172.31.42.112 ----------
REQUEST URI : /isiticisiz-hava-perdeleri/niva-linda-klc-l180-hava-perdesi?sort=rating&order=ASC&limit=100
MOD DETAILS:
   modFile   : /var/www/html/vqmod/xml/schema-product.xml
   id        : 
   version   : 1.0
   vqmver    : 
   author    : purchasetheme.com

File Name    : catalog/view/theme/*/template/product/product.tpl(0)
VQModObject::applyMod - SEARCH NOT FOUND (ABORTING MOD): //--></script>
----------------------------------------------------------------------


---------- Date: 2018-11-05 11:16:50 ~ IP : 172.31.42.112 ----------
REQUEST URI : /isiticisiz-hava-perdeleri/storm-st-ac-t-120-ortam-havali-hava-perdesi?sort=rating&order=ASC&limit=25
MOD DETAILS:
   modFile   : /var/www/html/vqmod/xml/schema-product.xml
   id        : 
   version   : 1.0
   vqmver    : 
   author    : purchasetheme.com

File Name    : catalog/view/theme/*/template/product/product.tpl(0)
VQModObject::applyMod - SEARCH NOT FOUND (ABORTING MOD): //--></script>
----------------------------------------------------------------------


---------- Date: 2018-11-05 11:16:52 ~ IP : 172.31.42.112 ----------
REQUEST URI : /isiticisiz-hava-perdeleri/storm-st-ac-200-ortam-havali-hava-perdesi-(kumandali)?sort=p.model&order=ASC
MOD DETAILS:
   modFile   : /var/www/html/vqmod/xml/schema-product.xml
   id        : 
   version   : 1.0
   vqmver    : 
   author    : purchasetheme.com

File Name    : catalog/view/theme/*/template/product/product.tpl(0)
VQModObject::applyMod - SEARCH NOT FOUND (ABORTING MOD): //--></script>
----------------------------------------------------------------------


---------- Date: 2018-11-05 11:16:58 ~ IP : 172.31.42.112 ----------
REQUEST URI : /isiticisiz-hava-perdeleri/storm-st-ac-t-120-ortam-havali-hava-perdesi?sort=rating&order=ASC&limit=50
MOD DETAILS:
   modFile   : /var/www/html/vqmod/xml/schema-product.xml
   id        : 
   version   : 1.0
   vqmver    : 
   author    : purchasetheme.com

File Name    : catalog/view/theme/*/template/product/product.tpl(0)
VQModObject::applyMod - SEARCH NOT FOUND (ABORTING MOD): //--></script>
----------------------------------------------------------------------


---------- Date: 2018-11-05 11:17:01 ~ IP : 172.31.42.112 ----------
REQUEST URI : /isiticisiz-hava-perdeleri/storm-st-ac-120-ortam-havali-hava-perdesi-(kumandali)?sort=rating&order=ASC
MOD DETAILS:
   modFile   : /var/www/html/vqmod/xml/schema-product.xml
   id        : 
   version   : 1.0
   vqmver    : 
   author    : purchasetheme.com

File Name    : catalog/view/theme/*/template/product/product.tpl(0)
VQModObject::applyMod - SEARCH NOT FOUND (ABORTING MOD): //--></script>
----------------------------------------------------------------------


---------- Date: 2018-11-05 11:17:06 ~ IP : 172.31.42.112 ----------
REQUEST URI : /isiticisiz-hava-perdeleri/storm-st-ac-120-ortam-havali-hava-perdesi-(kumandali)?sort=p.model&order=ASC
MOD DETAILS:
   modFile   : /var/www/html/vqmod/xml/schema-product.xml
   id        : 
   version   : 1.0
   vqmver    : 
   author    : purchasetheme.com

File Name    : catalog/view/theme/*/template/product/product.tpl(0)
VQModObject::applyMod - SEARCH NOT FOUND (ABORTING MOD): //--></script>
----------------------------------------------------------------------


---------- Date: 2018-11-05 11:17:10 ~ IP : 172.31.42.112 ----------
REQUEST URI : /isiticisiz-hava-perdeleri/storm-st-ac-140-ortam-havali-hava-perdesi-(kumandali)?sort=p.model&order=ASC
MOD DETAILS:
   modFile   : /var/www/html/vqmod/xml/schema-product.xml
   id        : 
   version   : 1.0
   vqmver    : 
   author    : purchasetheme.com

File Name    : catalog/view/theme/*/template/product/product.tpl(0)
VQModObject::applyMod - SEARCH NOT FOUND (ABORTING MOD): //--></script>
----------------------------------------------------------------------


---------- Date: 2018-11-05 11:17:15 ~ IP : 172.31.42.112 ----------
REQUEST URI : /isiticisiz-hava-perdeleri/storm-st-ac-t-120-ortam-havali-hava-perdesi?sort=pd.name&order=ASC&limit=75
MOD DETAILS:
   modFile   : /var/www/html/vqmod/xml/schema-product.xml
   id        : 
   version   : 1.0
   vqmver    : 
   author    : purchasetheme.com

File Name    : catalog/view/theme/*/template/product/product.tpl(0)
VQModObject::applyMod - SEARCH NOT FOUND (ABORTING MOD): //--></script>
----------------------------------------------------------------------


---------- Date: 2018-11-05 11:17:20 ~ IP : 172.31.42.112 ----------
REQUEST URI : /isiticisiz-hava-perdeleri/storm-st-ac-200-ortam-havali-hava-perdesi-(kumandali)?sort=rating&order=ASC
MOD DETAILS:
   modFile   : /var/www/html/vqmod/xml/schema-product.xml
   id        : 
   version   : 1.0
   vqmver    : 
   author    : purchasetheme.com

File Name    : catalog/view/theme/*/template/product/product.tpl(0)
VQModObject::applyMod - SEARCH NOT FOUND (ABORTING MOD): //--></script>
----------------------------------------------------------------------


---------- Date: 2018-11-05 11:17:24 ~ IP : 172.31.42.112 ----------
REQUEST URI : /isiticisiz-hava-perdeleri/storm-st-ac-70-(r-l)-ortam-havali-hava-perdesi?sort=rating&order=ASC
MOD DETAILS:
   modFile   : /var/www/html/vqmod/xml/schema-product.xml
   id        : 
   version   : 1.0
   vqmver    : 
   author    : purchasetheme.com

File Name    : catalog/view/theme/*/template/product/product.tpl(0)
VQModObject::applyMod - SEARCH NOT FOUND (ABORTING MOD): //--></script>
----------------------------------------------------------------------


---------- Date: 2018-11-05 11:17:29 ~ IP : 172.31.42.112 ----------
REQUEST URI : /isiticisiz-hava-perdeleri/storm-st-ac-70-(r-l)-ortam-havali-hava-perdesi?sort=rating&order=ASC&limit=50
MOD DETAILS:
   modFile   : /var/www/html/vqmod/xml/schema-product.xml
   id        : 
   version   : 1.0
   vqmver    : 
   author    : purchasetheme.com

File Name    : catalog/view/theme/*/template/product/product.tpl(0)
VQModObject::applyMod - SEARCH NOT FOUND (ABORTING MOD): //--></script>
----------------------------------------------------------------------


---------- Date: 2018-11-05 11:17:33 ~ IP : 172.31.42.112 ----------
REQUEST URI : /isiticisiz-hava-perdeleri/niva-linda-klc-l100-hava-perdesi?sort=rating&order=ASC&limit=100
MOD DETAILS:
   modFile   : /var/www/html/vqmod/xml/schema-product.xml
   id        : 
   version   : 1.0
   vqmver    : 
   author    : purchasetheme.com

File Name    : catalog/view/theme/*/template/product/product.tpl(0)
VQModObject::applyMod - SEARCH NOT FOUND (ABORTING MOD): //--></script>
----------------------------------------------------------------------


---------- Date: 2018-11-05 11:17:38 ~ IP : 172.31.42.112 ----------
REQUEST URI : /isiticisiz-hava-perdeleri/storm-st-ac-120-ortam-havali-hava-perdesi-(kumandali)?sort=rating&order=ASC&limit=100
MOD DETAILS:
   modFile   : /var/www/html/vqmod/xml/schema-product.xml
   id        : 
   version   : 1.0
   vqmver    : 
   author    : purchasetheme.com

File Name    : catalog/view/theme/*/template/product/product.tpl(0)
VQModObject::applyMod - SEARCH NOT FOUND (ABORTING MOD): //--></script>
----------------------------------------------------------------------


---------- Date: 2018-11-05 11:17:43 ~ IP : 172.31.42.112 ----------
REQUEST URI : /isiticisiz-hava-perdeleri/storm-st-ac-120-ortam-havali-hava-perdesi-(kumandali)?sort=pd.name&order=DESC
MOD DETAILS:
   modFile   : /var/www/html/vqmod/xml/schema-product.xml
   id        : 
   version   : 1.0
   vqmver    : 
   author    : purchasetheme.com

File Name    : catalog/view/theme/*/template/product/product.tpl(0)
VQModObject::applyMod - SEARCH NOT FOUND (ABORTING MOD): //--></script>
----------------------------------------------------------------------


---------- Date: 2018-11-05 11:17:47 ~ IP : 172.31.42.112 ----------
REQUEST URI : /isiticisiz-hava-perdeleri/storm-st-ac-t-90-(r-l)-ortam-havali-hava-perdesi?sort=rating&order=ASC&limit=100
MOD DETAILS:
   modFile   : /var/www/html/vqmod/xml/schema-product.xml
   id        : 
   version   : 1.0
   vqmver    : 
   author    : purchasetheme.com

File Name    : catalog/view/theme/*/template/product/product.tpl(0)
VQModObject::applyMod - SEARCH NOT FOUND (ABORTING MOD): //--></script>
----------------------------------------------------------------------


---------- Date: 2018-11-05 11:17:52 ~ IP : 172.31.42.112 ----------
REQUEST URI : /isiticisiz-hava-perdeleri/storm-st-ac-160-ortam-havali-hava-perdesi-(kumandali)?sort=rating&order=ASC
MOD DETAILS:
   modFile   : /var/www/html/vqmod/xml/schema-product.xml
   id        : 
   version   : 1.0
   vqmver    : 
   author    : purchasetheme.com

File Name    : catalog/view/theme/*/template/product/product.tpl(0)
VQModObject::applyMod - SEARCH NOT FOUND (ABORTING MOD): //--></script>
----------------------------------------------------------------------


---------- Date: 2018-11-05 11:17:56 ~ IP : 172.31.42.112 ----------
REQUEST URI : /isiticisiz-hava-perdeleri/niva-linda-klc-l140-hava-perdesi?sort=rating&order=ASC&limit=100
MOD DETAILS:
   modFile   : /var/www/html/vqmod/xml/schema-product.xml
   id        : 
   version   : 1.0
   vqmver    : 
   author    : purchasetheme.com

File Name    : catalog/view/theme/*/template/product/product.tpl(0)
VQModObject::applyMod - SEARCH NOT FOUND (ABORTING MOD): //--></script>
----------------------------------------------------------------------


---------- Date: 2018-11-05 11:18:01 ~ IP : 172.31.42.112 ----------
REQUEST URI : /isiticisiz-hava-perdeleri/storm-st-ac-160-ortam-havali-hava-perdesi-(kumandali)?sort=pd.name&order=DESC
MOD DETAILS:
   modFile   : /var/www/html/vqmod/xml/schema-product.xml
   id        : 
   version   : 1.0
   vqmver    : 
   author    : purchasetheme.com

File Name    : catalog/view/theme/*/template/product/product.tpl(0)
VQModObject::applyMod - SEARCH NOT FOUND (ABORTING MOD): //--></script>
----------------------------------------------------------------------


---------- Date: 2018-11-05 11:18:06 ~ IP : 172.31.42.112 ----------
REQUEST URI : /isiticisiz-hava-perdeleri/storm-st-ac-70-(r-l)-ortam-havali-hava-perdesi?sort=pd.name&order=ASC&limit=75
MOD DETAILS:
   modFile   : /var/www/html/vqmod/xml/schema-product.xml
   id        : 
   version   : 1.0
   vqmver    : 
   author    : purchasetheme.com

File Name    : catalog/view/theme/*/template/product/product.tpl(0)
VQModObject::applyMod - SEARCH NOT FOUND (ABORTING MOD): //--></script>
----------------------------------------------------------------------


---------- Date: 2018-11-05 11:18:10 ~ IP : 172.31.42.112 ----------
REQUEST URI : /isiticisiz-hava-perdeleri/storm-st-ac-160-ortam-havali-hava-perdesi-(kumandali)?sort=rating&order=ASC&limit=100
MOD DETAILS:
   modFile   : /var/www/html/vqmod/xml/schema-product.xml
   id        : 
   version   : 1.0
   vqmver    : 
   author    : purchasetheme.com

File Name    : catalog/view/theme/*/template/product/product.tpl(0)
VQModObject::applyMod - SEARCH NOT FOUND (ABORTING MOD): //--></script>
----------------------------------------------------------------------


---------- Date: 2018-11-05 11:18:15 ~ IP : 172.31.42.112 ----------
REQUEST URI : /isiticisiz-hava-perdeleri/storm-st-ac-80-(r-l)-ortam-havali-hava-perdesi?sort=rating&order=ASC&limit=100
MOD DETAILS:
   modFile   : /var/www/html/vqmod/xml/schema-product.xml
   id        : 
   version   : 1.0
   vqmver    : 
   author    : purchasetheme.com

File Name    : catalog/view/theme/*/template/product/product.tpl(0)
VQModObject::applyMod - SEARCH NOT FOUND (ABORTING MOD): //--></script>
----------------------------------------------------------------------


---------- Date: 2018-11-05 11:18:19 ~ IP : 172.31.42.112 ----------
REQUEST URI : /isiticisiz-hava-perdeleri/niva-linda-klc-l200-hava-perdesi?sort=rating&order=ASC&limit=100
MOD DETAILS:
   modFile   : /var/www/html/vqmod/xml/schema-product.xml
   id        : 
   version   : 1.0
   vqmver    : 
   author    : purchasetheme.com

File Name    : catalog/view/theme/*/template/product/product.tpl(0)
VQModObject::applyMod - SEARCH NOT FOUND (ABORTING MOD): //--></script>
----------------------------------------------------------------------


---------- Date: 2018-11-05 11:18:24 ~ IP : 172.31.42.112 ----------
REQUEST URI : /storm-st-ac-h-90-hava-perdesi-(kumandali)?tag=Hava%20Perdesi&sort=p.model&order=ASC
MOD DETAILS:
   modFile   : /var/www/html/vqmod/xml/schema-product.xml
   id        : 
   version   : 1.0
   vqmver    : 
   author    : purchasetheme.com

File Name    : catalog/view/theme/*/template/product/product.tpl(0)
VQModObject::applyMod - SEARCH NOT FOUND (ABORTING MOD): //--></script>
----------------------------------------------------------------------


---------- Date: 2018-11-05 11:18:29 ~ IP : 172.31.42.112 ----------
REQUEST URI : /storm-st-ac-h-140-hava-perdesi-(kumandali)?tag=Hava%20Perdesi&sort=p.model&order=ASC
MOD DETAILS:
   modFile   : /var/www/html/vqmod/xml/schema-product.xml
   id        : 
   version   : 1.0
   vqmver    : 
   author    : purchasetheme.com

File Name    : catalog/view/theme/*/template/product/product.tpl(0)
VQModObject::applyMod - SEARCH NOT FOUND (ABORTING MOD): //--></script>
----------------------------------------------------------------------


---------- Date: 2018-11-05 11:18:33 ~ IP : 172.31.42.112 ----------
REQUEST URI : /storm-st-ac-h-120-hava-perdesi-(kumandali)?tag=Hava%20Perdesi&sort=p.model&order=ASC
MOD DETAILS:
   modFile   : /var/www/html/vqmod/xml/schema-product.xml
   id        : 
   version   : 1.0
   vqmver    : 
   author    : purchasetheme.com

File Name    : catalog/view/theme/*/template/product/product.tpl(0)
VQModObject::applyMod - SEARCH NOT FOUND (ABORTING MOD): //--></script>
----------------------------------------------------------------------


---------- Date: 2018-11-05 11:18:38 ~ IP : 172.31.42.112 ----------
REQUEST URI : /storm-st-ac-h-180-hava-perdesi-(kumandali)?tag=Hava%20Perdesi&sort=p.model&order=ASC
MOD DETAILS:
   modFile   : /var/www/html/vqmod/xml/schema-product.xml
   id        : 
   version   : 1.0
   vqmver    : 
   author    : purchasetheme.com

File Name    : catalog/view/theme/*/template/product/product.tpl(0)
VQModObject::applyMod - SEARCH NOT FOUND (ABORTING MOD): //--></script>
----------------------------------------------------------------------


---------- Date: 2018-11-05 11:18:43 ~ IP : 172.31.42.112 ----------
REQUEST URI : /storm-st-ac-h-160-hava-perdesi-(kumandali)?tag=Hava%20Perdesi&sort=p.model&order=ASC
MOD DETAILS:
   modFile   : /var/www/html/vqmod/xml/schema-product.xml
   id        : 
   version   : 1.0
   vqmver    : 
   author    : purchasetheme.com

File Name    : catalog/view/theme/*/template/product/product.tpl(0)
VQModObject::applyMod - SEARCH NOT FOUND (ABORTING MOD): //--></script>
----------------------------------------------------------------------


---------- Date: 2018-11-05 11:21:09 ~ IP : 172.31.34.251 ----------
REQUEST URI : /storm-st-ac-h-200-hava-perdesi-(kumandali)?tag=Hava%20Perdesi&sort=p.model&order=ASC
MOD DETAILS:
   modFile   : /var/www/html/vqmod/xml/schema-product.xml
   id        : 
   version   : 1.0
   vqmver    : 
   author    : purchasetheme.com

File Name    : catalog/view/theme/*/template/product/product.tpl(0)
VQModObject::applyMod - SEARCH NOT FOUND (ABORTING MOD): //--></script>
----------------------------------------------------------------------


---------- Date: 2018-11-05 11:22:33 ~ IP : 172.31.42.112 ----------
REQUEST URI : /storm-st-ac-t-120-ortam-havali-hava-perdesi?tag=Hava%20Perdesi&sort=rating&order=DESC
MOD DETAILS:
   modFile   : /var/www/html/vqmod/xml/schema-product.xml
   id        : 
   version   : 1.0
   vqmver    : 
   author    : purchasetheme.com

File Name    : catalog/view/theme/*/template/product/product.tpl(0)
VQModObject::applyMod - SEARCH NOT FOUND (ABORTING MOD): //--></script>
----------------------------------------------------------------------


---------- Date: 2018-11-05 11:23:45 ~ IP : 172.31.34.251 ----------
REQUEST URI : /isiticili-hava-perdeleri/isiticili-genel-tip/niva-linda-klc-lh120-hava-perdesi?filter=&sort=p.price&order=ASC&limit=6
MOD DETAILS:
   modFile   : /var/www/html/vqmod/xml/schema-product.xml
   id        : 
   version   : 1.0
   vqmver    : 
   author    : purchasetheme.com

File Name    : catalog/view/theme/*/template/product/product.tpl(0)
VQModObject::applyMod - SEARCH NOT FOUND (ABORTING MOD): //--></script>
----------------------------------------------------------------------


---------- Date: 2018-11-05 11:28:12 ~ IP : 172.31.34.251 ----------
REQUEST URI : /storm-st-ac-90-ortam-havali-hava-perdesi-(kumandali)?tag=Hava%20Perdesi&sort=rating&order=DESC
MOD DETAILS:
   modFile   : /var/www/html/vqmod/xml/schema-product.xml
   id        : 
   version   : 1.0
   vqmver    : 
   author    : purchasetheme.com

File Name    : catalog/view/theme/*/template/product/product.tpl(0)
VQModObject::applyMod - SEARCH NOT FOUND (ABORTING MOD): //--></script>
----------------------------------------------------------------------


---------- Date: 2018-11-05 11:29:44 ~ IP : 172.31.34.251 ----------
REQUEST URI : /storm-st-ac-120-ortam-havali-hava-perdesi-(kumandali)
MOD DETAILS:
   modFile   : /var/www/html/vqmod/xml/schema-product.xml
   id        : 
   version   : 1.0
   vqmver    : 
   author    : purchasetheme.com

File Name    : catalog/view/theme/*/template/product/product.tpl(0)
VQModObject::applyMod - SEARCH NOT FOUND (ABORTING MOD): //--></script>
----------------------------------------------------------------------


---------- Date: 2018-11-05 11:40:21 ~ IP : 172.31.34.251 ----------
REQUEST URI : /storm-st-ac-70-(r-l)-ortam-havali-hava-perdesi?tag=Hava%20Perdesi&sort=rating&order=DESC
MOD DETAILS:
   modFile   : /var/www/html/vqmod/xml/schema-product.xml
   id        : 
   version   : 1.0
   vqmver    : 
   author    : purchasetheme.com

File Name    : catalog/view/theme/*/template/product/product.tpl(0)
VQModObject::applyMod - SEARCH NOT FOUND (ABORTING MOD): //--></script>
----------------------------------------------------------------------


---------- Date: 2018-11-05 11:45:24 ~ IP : 172.31.42.112 ----------
REQUEST URI : /isiticili-hava-perdeleri/isiticili-genel-tip/niva-linda-klc-lh140-hava-perdesi?filter=&sort=p.price&order=ASC&limit=6
MOD DETAILS:
   modFile   : /var/www/html/vqmod/xml/schema-product.xml
   id        : 
   version   : 1.0
   vqmver    : 
   author    : purchasetheme.com

File Name    : catalog/view/theme/*/template/product/product.tpl(0)
VQModObject::applyMod - SEARCH NOT FOUND (ABORTING MOD): //--></script>
----------------------------------------------------------------------


---------- Date: 2018-11-05 11:48:44 ~ IP : 172.31.34.251 ----------
REQUEST URI : /isiticili/niva-smart-klc-aks200-hava-perdesi?filter=
MOD DETAILS:
   modFile   : /var/www/html/vqmod/xml/schema-product.xml
   id        : 
   version   : 1.0
   vqmver    : 
   author    : purchasetheme.com

File Name    : catalog/view/theme/*/template/product/product.tpl(0)
VQModObject::applyMod - SEARCH NOT FOUND (ABORTING MOD): //--></script>
----------------------------------------------------------------------


---------- Date: 2018-11-05 11:55:30 ~ IP : 172.31.34.251 ----------
REQUEST URI : /isiticili-hava-perdeleri/isiticili-genel-tip/niva-linda-klc-lh160-hava-perdesi?filter=&sort=p.price&order=ASC&limit=6
MOD DETAILS:
   modFile   : /var/www/html/vqmod/xml/schema-product.xml
   id        : 
   version   : 1.0
   vqmver    : 
   author    : purchasetheme.com

File Name    : catalog/view/theme/*/template/product/product.tpl(0)
VQModObject::applyMod - SEARCH NOT FOUND (ABORTING MOD): //--></script>
----------------------------------------------------------------------


---------- Date: 2018-11-05 12:00:33 ~ IP : 172.31.34.251 ----------
REQUEST URI : /storm-st-ac-90-(r-l)-ortam-havali-hava-perdesi?tag=Hava%20Perdesi&sort=rating&order=DESC
MOD DETAILS:
   modFile   : /var/www/html/vqmod/xml/schema-product.xml
   id        : 
   version   : 1.0
   vqmver    : 
   author    : purchasetheme.com

File Name    : catalog/view/theme/*/template/product/product.tpl(0)
VQModObject::applyMod - SEARCH NOT FOUND (ABORTING MOD): //--></script>
----------------------------------------------------------------------


---------- Date: 2018-11-05 12:05:36 ~ IP : 172.31.34.251 ----------
REQUEST URI : /isiticili-hava-perdeleri/isiticili-genel-tip/niva-linda-klc-lh100-hava-perdesi?filter=&sort=p.price&order=ASC&limit=6
MOD DETAILS:
   modFile   : /var/www/html/vqmod/xml/schema-product.xml
   id        : 
   version   : 1.0
   vqmver    : 
   author    : purchasetheme.com

File Name    : catalog/view/theme/*/template/product/product.tpl(0)
VQModObject::applyMod - SEARCH NOT FOUND (ABORTING MOD): //--></script>
----------------------------------------------------------------------


---------- Date: 2018-11-05 12:20:45 ~ IP : 172.31.42.112 ----------
REQUEST URI : /storm-st-ac-80-(r-l)-ortam-havali-hava-perdesi?tag=Hava%20Perdesi&sort=rating&order=DESC
MOD DETAILS:
   modFile   : /var/www/html/vqmod/xml/schema-product.xml
   id        : 
   version   : 1.0
   vqmver    : 
   author    : purchasetheme.com

File Name    : catalog/view/theme/*/template/product/product.tpl(0)
VQModObject::applyMod - SEARCH NOT FOUND (ABORTING MOD): //--></script>
----------------------------------------------------------------------


